{"C:\\Users\\ZUNFORDZ\\lab1-week1\\app.js": {"path":"C:\\Users\\ZUNFORDZ\\lab1-week1\\app.js","statementMap":{"0":{"start":{"line":1,"column":0},"end":{"line":1,"column":27}},"1":{"start":{"line":3,"column":16},"end":{"line":3,"column":34}},"2":{"start":{"line":4,"column":15},"end":{"line":4,"column":32}},"3":{"start":{"line":5,"column":13},"end":{"line":5,"column":28}},"4":{"start":{"line":6,"column":15},"end":{"line":6,"column":32}},"5":{"start":{"line":7,"column":13},"end":{"line":7,"column":28}},"6":{"start":{"line":12,"column":4},"end":{"line":12,"column":29}},"7":{"start":{"line":13,"column":45},"end":{"line":13,"column":74}},"8":{"start":{"line":15,"column":12},"end":{"line":15,"column":21}},"9":{"start":{"line":16,"column":13},"end":{"line":16,"column":37}},"10":{"start":{"line":20,"column":0},"end":{"line":20,"column":18}},"11":{"start":{"line":21,"column":0},"end":{"line":26,"column":2}},"12":{"start":{"line":27,"column":0},"end":{"line":27,"column":23}},"13":{"start":{"line":28,"column":0},"end":{"line":28,"column":41}},"14":{"start":{"line":32,"column":26},"end":{"line":32,"column":50}},"15":{"start":{"line":33,"column":2},"end":{"line":43,"column":3}},"16":{"start":{"line":37,"column":4},"end":{"line":42,"column":7}},"17":{"start":{"line":44,"column":2},"end":{"line":44,"column":9}},"18":{"start":{"line":46,"column":0},"end":{"line":46,"column":21}},"19":{"start":{"line":49,"column":23},"end":{"line":49,"column":32}},"20":{"start":{"line":51,"column":19},"end":{"line":51,"column":28}},"21":{"start":{"line":52,"column":14},"end":{"line":52,"column":15}},"22":{"start":{"line":53,"column":14},"end":{"line":53,"column":20}},"23":{"start":{"line":54,"column":14},"end":{"line":54,"column":24}},"24":{"start":{"line":55,"column":16},"end":{"line":55,"column":67}},"25":{"start":{"line":57,"column":2},"end":{"line":60,"column":3}},"26":{"start":{"line":58,"column":4},"end":{"line":58,"column":20}},"27":{"start":{"line":59,"column":4},"end":{"line":59,"column":22}},"28":{"start":{"line":61,"column":2},"end":{"line":61,"column":19}},"29":{"start":{"line":62,"column":2},"end":{"line":62,"column":33}},"30":{"start":{"line":64,"column":2},"end":{"line":71,"column":3}},"31":{"start":{"line":65,"column":4},"end":{"line":70,"column":7}},"32":{"start":{"line":72,"column":2},"end":{"line":72,"column":9}},"33":{"start":{"line":76,"column":15},"end":{"line":76,"column":31}},"34":{"start":{"line":81,"column":0},"end":{"line":112,"column":3}},"35":{"start":{"line":82,"column":30},"end":{"line":82,"column":44}},"36":{"start":{"line":84,"column":2},"end":{"line":91,"column":3}},"37":{"start":{"line":85,"column":4},"end":{"line":90,"column":7}},"38":{"start":{"line":93,"column":2},"end":{"line":111,"column":3}},"39":{"start":{"line":94,"column":25},"end":{"line":94,"column":53}},"40":{"start":{"line":95,"column":21},"end":{"line":98,"column":5}},"41":{"start":{"line":100,"column":4},"end":{"line":103,"column":7}},"42":{"start":{"line":105,"column":4},"end":{"line":109,"column":5}},"43":{"start":{"line":106,"column":6},"end":{"line":108,"column":9}},"44":{"start":{"line":110,"column":4},"end":{"line":110,"column":14}},"45":{"start":{"line":115,"column":0},"end":{"line":158,"column":3}},"46":{"start":{"line":116,"column":30},"end":{"line":116,"column":44}},"47":{"start":{"line":118,"column":2},"end":{"line":125,"column":3}},"48":{"start":{"line":119,"column":4},"end":{"line":124,"column":7}},"49":{"start":{"line":127,"column":2},"end":{"line":157,"column":3}},"50":{"start":{"line":128,"column":19},"end":{"line":130,"column":6}},"51":{"start":{"line":132,"column":4},"end":{"line":139,"column":5}},"52":{"start":{"line":133,"column":6},"end":{"line":138,"column":9}},"53":{"start":{"line":141,"column":17},"end":{"line":141,"column":24}},"54":{"start":{"line":142,"column":28},"end":{"line":142,"column":78}},"55":{"start":{"line":144,"column":4},"end":{"line":151,"column":5}},"56":{"start":{"line":145,"column":6},"end":{"line":150,"column":9}},"57":{"start":{"line":153,"column":18},"end":{"line":153,"column":37}},"58":{"start":{"line":154,"column":4},"end":{"line":154,"column":66}},"59":{"start":{"line":156,"column":4},"end":{"line":156,"column":14}},"60":{"start":{"line":161,"column":0},"end":{"line":163,"column":3}},"61":{"start":{"line":162,"column":2},"end":{"line":162,"column":62}},"62":{"start":{"line":166,"column":0},"end":{"line":218,"column":2}},"63":{"start":{"line":170,"column":41},"end":{"line":170,"column":55}},"64":{"start":{"line":172,"column":4},"end":{"line":179,"column":5}},"65":{"start":{"line":173,"column":6},"end":{"line":178,"column":9}},"66":{"start":{"line":181,"column":4},"end":{"line":216,"column":5}},"67":{"start":{"line":182,"column":21},"end":{"line":184,"column":8}},"68":{"start":{"line":186,"column":6},"end":{"line":190,"column":7}},"69":{"start":{"line":187,"column":8},"end":{"line":189,"column":11}},"70":{"start":{"line":192,"column":19},"end":{"line":192,"column":26}},"71":{"start":{"line":193,"column":33},"end":{"line":196,"column":7}},"72":{"start":{"line":198,"column":6},"end":{"line":205,"column":7}},"73":{"start":{"line":199,"column":8},"end":{"line":204,"column":11}},"74":{"start":{"line":207,"column":30},"end":{"line":207,"column":61}},"75":{"start":{"line":208,"column":6},"end":{"line":211,"column":9}},"76":{"start":{"line":213,"column":6},"end":{"line":213,"column":65}},"77":{"start":{"line":215,"column":6},"end":{"line":215,"column":16}},"78":{"start":{"line":221,"column":0},"end":{"line":228,"column":3}},"79":{"start":{"line":222,"column":2},"end":{"line":227,"column":3}},"80":{"start":{"line":223,"column":19},"end":{"line":223,"column":61}},"81":{"start":{"line":224,"column":4},"end":{"line":224,"column":41}},"82":{"start":{"line":226,"column":4},"end":{"line":226,"column":14}},"83":{"start":{"line":231,"column":0},"end":{"line":246,"column":3}},"84":{"start":{"line":232,"column":2},"end":{"line":245,"column":3}},"85":{"start":{"line":233,"column":19},"end":{"line":235,"column":6}},"86":{"start":{"line":237,"column":4},"end":{"line":241,"column":5}},"87":{"start":{"line":238,"column":6},"end":{"line":240,"column":9}},"88":{"start":{"line":242,"column":4},"end":{"line":242,"column":44}},"89":{"start":{"line":244,"column":4},"end":{"line":244,"column":14}},"90":{"start":{"line":249,"column":0},"end":{"line":261,"column":3}},"91":{"start":{"line":250,"column":2},"end":{"line":260,"column":3}},"92":{"start":{"line":251,"column":19},"end":{"line":256,"column":5}},"93":{"start":{"line":257,"column":4},"end":{"line":257,"column":41}},"94":{"start":{"line":259,"column":4},"end":{"line":259,"column":14}},"95":{"start":{"line":264,"column":0},"end":{"line":307,"column":3}},"96":{"start":{"line":265,"column":33},"end":{"line":265,"column":47}},"97":{"start":{"line":267,"column":2},"end":{"line":271,"column":3}},"98":{"start":{"line":268,"column":4},"end":{"line":270,"column":7}},"99":{"start":{"line":274,"column":2},"end":{"line":281,"column":3}},"100":{"start":{"line":275,"column":4},"end":{"line":280,"column":7}},"101":{"start":{"line":283,"column":2},"end":{"line":306,"column":3}},"102":{"start":{"line":284,"column":21},"end":{"line":287,"column":5}},"103":{"start":{"line":288,"column":4},"end":{"line":295,"column":7}},"104":{"start":{"line":297,"column":4},"end":{"line":304,"column":5}},"105":{"start":{"line":298,"column":6},"end":{"line":303,"column":9}},"106":{"start":{"line":305,"column":4},"end":{"line":305,"column":14}},"107":{"start":{"line":311,"column":0},"end":{"line":373,"column":3}},"108":{"start":{"line":312,"column":33},"end":{"line":312,"column":47}},"109":{"start":{"line":314,"column":2},"end":{"line":318,"column":3}},"110":{"start":{"line":315,"column":4},"end":{"line":317,"column":7}},"111":{"start":{"line":319,"column":2},"end":{"line":326,"column":3}},"112":{"start":{"line":320,"column":4},"end":{"line":325,"column":7}},"113":{"start":{"line":328,"column":2},"end":{"line":372,"column":3}},"114":{"start":{"line":329,"column":23},"end":{"line":332,"column":5}},"115":{"start":{"line":333,"column":4},"end":{"line":337,"column":5}},"116":{"start":{"line":334,"column":6},"end":{"line":336,"column":9}},"117":{"start":{"line":339,"column":20},"end":{"line":339,"column":55}},"118":{"start":{"line":340,"column":20},"end":{"line":340,"column":45}},"119":{"start":{"line":341,"column":4},"end":{"line":348,"column":5}},"120":{"start":{"line":342,"column":6},"end":{"line":347,"column":9}},"121":{"start":{"line":350,"column":4},"end":{"line":353,"column":6}},"122":{"start":{"line":354,"column":4},"end":{"line":361,"column":7}},"123":{"start":{"line":363,"column":4},"end":{"line":370,"column":5}},"124":{"start":{"line":364,"column":6},"end":{"line":369,"column":9}},"125":{"start":{"line":371,"column":4},"end":{"line":371,"column":14}},"126":{"start":{"line":376,"column":0},"end":{"line":432,"column":3}},"127":{"start":{"line":377,"column":33},"end":{"line":377,"column":47}},"128":{"start":{"line":379,"column":2},"end":{"line":396,"column":3}},"129":{"start":{"line":380,"column":4},"end":{"line":387,"column":5}},"130":{"start":{"line":381,"column":6},"end":{"line":386,"column":9}},"131":{"start":{"line":388,"column":4},"end":{"line":395,"column":5}},"132":{"start":{"line":389,"column":6},"end":{"line":394,"column":9}},"133":{"start":{"line":398,"column":2},"end":{"line":431,"column":3}},"134":{"start":{"line":399,"column":27},"end":{"line":402,"column":5}},"135":{"start":{"line":403,"column":4},"end":{"line":407,"column":5}},"136":{"start":{"line":404,"column":6},"end":{"line":406,"column":9}},"137":{"start":{"line":408,"column":20},"end":{"line":408,"column":35}},"138":{"start":{"line":410,"column":20},"end":{"line":414,"column":5}},"139":{"start":{"line":416,"column":4},"end":{"line":419,"column":6}},"140":{"start":{"line":420,"column":4},"end":{"line":420,"column":78}},"141":{"start":{"line":422,"column":4},"end":{"line":429,"column":5}},"142":{"start":{"line":423,"column":6},"end":{"line":428,"column":9}},"143":{"start":{"line":430,"column":4},"end":{"line":430,"column":14}},"144":{"start":{"line":435,"column":0},"end":{"line":454,"column":2}},"145":{"start":{"line":440,"column":4},"end":{"line":452,"column":5}},"146":{"start":{"line":441,"column":23},"end":{"line":443,"column":8}},"147":{"start":{"line":444,"column":6},"end":{"line":448,"column":7}},"148":{"start":{"line":445,"column":8},"end":{"line":447,"column":11}},"149":{"start":{"line":449,"column":6},"end":{"line":449,"column":29}},"150":{"start":{"line":451,"column":6},"end":{"line":451,"column":16}},"151":{"start":{"line":457,"column":0},"end":{"line":510,"column":3}},"152":{"start":{"line":458,"column":20},"end":{"line":458,"column":33}},"153":{"start":{"line":459,"column":23},"end":{"line":459,"column":37}},"154":{"start":{"line":460,"column":21},"end":{"line":460,"column":47}},"155":{"start":{"line":462,"column":2},"end":{"line":509,"column":3}},"156":{"start":{"line":463,"column":4},"end":{"line":463,"column":40}},"157":{"start":{"line":465,"column":25},"end":{"line":468,"column":5}},"158":{"start":{"line":470,"column":4},"end":{"line":475,"column":5}},"159":{"start":{"line":471,"column":6},"end":{"line":471,"column":34}},"160":{"start":{"line":472,"column":6},"end":{"line":474,"column":9}},"161":{"start":{"line":477,"column":4},"end":{"line":482,"column":5}},"162":{"start":{"line":478,"column":6},"end":{"line":478,"column":34}},"163":{"start":{"line":479,"column":6},"end":{"line":481,"column":9}},"164":{"start":{"line":484,"column":4},"end":{"line":487,"column":6}},"165":{"start":{"line":489,"column":4},"end":{"line":492,"column":6}},"166":{"start":{"line":494,"column":4},"end":{"line":494,"column":30}},"167":{"start":{"line":495,"column":4},"end":{"line":495,"column":57}},"168":{"start":{"line":497,"column":4},"end":{"line":497,"column":32}},"169":{"start":{"line":498,"column":4},"end":{"line":505,"column":5}},"170":{"start":{"line":499,"column":6},"end":{"line":504,"column":9}},"171":{"start":{"line":506,"column":4},"end":{"line":506,"column":14}},"172":{"start":{"line":508,"column":4},"end":{"line":508,"column":25}},"173":{"start":{"line":517,"column":0},"end":{"line":565,"column":3}},"174":{"start":{"line":518,"column":20},"end":{"line":518,"column":33}},"175":{"start":{"line":519,"column":23},"end":{"line":519,"column":37}},"176":{"start":{"line":521,"column":2},"end":{"line":564,"column":3}},"177":{"start":{"line":522,"column":25},"end":{"line":525,"column":5}},"178":{"start":{"line":527,"column":4},"end":{"line":531,"column":5}},"179":{"start":{"line":528,"column":6},"end":{"line":530,"column":9}},"180":{"start":{"line":533,"column":4},"end":{"line":537,"column":5}},"181":{"start":{"line":534,"column":6},"end":{"line":536,"column":9}},"182":{"start":{"line":541,"column":4},"end":{"line":544,"column":6}},"183":{"start":{"line":546,"column":4},"end":{"line":549,"column":6}},"184":{"start":{"line":551,"column":4},"end":{"line":553,"column":73}},"185":{"start":{"line":555,"column":4},"end":{"line":562,"column":5}},"186":{"start":{"line":556,"column":6},"end":{"line":561,"column":9}},"187":{"start":{"line":563,"column":4},"end":{"line":563,"column":14}},"188":{"start":{"line":568,"column":0},"end":{"line":603,"column":3}},"189":{"start":{"line":569,"column":38},"end":{"line":569,"column":48}},"190":{"start":{"line":570,"column":21},"end":{"line":570,"column":47}},"191":{"start":{"line":572,"column":2},"end":{"line":602,"column":3}},"192":{"start":{"line":573,"column":4},"end":{"line":573,"column":40}},"193":{"start":{"line":575,"column":21},"end":{"line":578,"column":5}},"194":{"start":{"line":580,"column":4},"end":{"line":588,"column":5}},"195":{"start":{"line":581,"column":6},"end":{"line":581,"column":34}},"196":{"start":{"line":582,"column":6},"end":{"line":587,"column":9}},"197":{"start":{"line":590,"column":4},"end":{"line":593,"column":6}},"198":{"start":{"line":595,"column":4},"end":{"line":595,"column":30}},"199":{"start":{"line":596,"column":4},"end":{"line":596,"column":66}},"200":{"start":{"line":598,"column":4},"end":{"line":598,"column":32}},"201":{"start":{"line":599,"column":4},"end":{"line":599,"column":14}},"202":{"start":{"line":601,"column":4},"end":{"line":601,"column":25}},"203":{"start":{"line":605,"column":0},"end":{"line":605,"column":27}},"204":{"start":{"line":608,"column":0},"end":{"line":612,"column":3}},"205":{"start":{"line":609,"column":2},"end":{"line":611,"column":5}},"206":{"start":{"line":615,"column":0},"end":{"line":627,"column":3}},"207":{"start":{"line":616,"column":2},"end":{"line":616,"column":27}},"208":{"start":{"line":617,"column":21},"end":{"line":617,"column":56}},"209":{"start":{"line":618,"column":2},"end":{"line":626,"column":5}},"210":{"start":{"line":629,"column":0},"end":{"line":635,"column":1}},"211":{"start":{"line":630,"column":2},"end":{"line":634,"column":5}},"212":{"start":{"line":631,"column":4},"end":{"line":633,"column":6}},"213":{"start":{"line":637,"column":0},"end":{"line":637,"column":21}}},"fnMap":{"0":{"name":"requireJson","decl":{"start":{"line":31,"column":9},"end":{"line":31,"column":20}},"loc":{"start":{"line":31,"column":37},"end":{"line":45,"column":1}},"line":31},"1":{"name":"simpleRateLimit","decl":{"start":{"line":50,"column":9},"end":{"line":50,"column":24}},"loc":{"start":{"line":50,"column":41},"end":{"line":73,"column":1}},"line":50},"2":{"name":"(anonymous_2)","decl":{"start":{"line":81,"column":30},"end":{"line":81,"column":31}},"loc":{"start":{"line":81,"column":56},"end":{"line":112,"column":1}},"line":81},"3":{"name":"(anonymous_3)","decl":{"start":{"line":115,"column":27},"end":{"line":115,"column":28}},"loc":{"start":{"line":115,"column":53},"end":{"line":158,"column":1}},"line":115},"4":{"name":"(anonymous_4)","decl":{"start":{"line":161,"column":42},"end":{"line":161,"column":43}},"loc":{"start":{"line":161,"column":56},"end":{"line":163,"column":1}},"line":161},"5":{"name":"(anonymous_5)","decl":{"start":{"line":169,"column":2},"end":{"line":169,"column":3}},"loc":{"start":{"line":169,"column":28},"end":{"line":217,"column":3}},"line":169},"6":{"name":"(anonymous_6)","decl":{"start":{"line":221,"column":24},"end":{"line":221,"column":25}},"loc":{"start":{"line":221,"column":50},"end":{"line":228,"column":1}},"line":221},"7":{"name":"(anonymous_7)","decl":{"start":{"line":231,"column":28},"end":{"line":231,"column":29}},"loc":{"start":{"line":231,"column":54},"end":{"line":246,"column":1}},"line":231},"8":{"name":"(anonymous_8)","decl":{"start":{"line":249,"column":36},"end":{"line":249,"column":37}},"loc":{"start":{"line":249,"column":62},"end":{"line":261,"column":1}},"line":249},"9":{"name":"(anonymous_9)","decl":{"start":{"line":264,"column":42},"end":{"line":264,"column":43}},"loc":{"start":{"line":264,"column":68},"end":{"line":307,"column":1}},"line":264},"10":{"name":"(anonymous_10)","decl":{"start":{"line":311,"column":47},"end":{"line":311,"column":48}},"loc":{"start":{"line":311,"column":73},"end":{"line":373,"column":1}},"line":311},"11":{"name":"(anonymous_11)","decl":{"start":{"line":376,"column":30},"end":{"line":376,"column":31}},"loc":{"start":{"line":376,"column":56},"end":{"line":432,"column":1}},"line":376},"12":{"name":"(anonymous_12)","decl":{"start":{"line":439,"column":2},"end":{"line":439,"column":3}},"loc":{"start":{"line":439,"column":28},"end":{"line":453,"column":3}},"line":439},"13":{"name":"(anonymous_13)","decl":{"start":{"line":457,"column":41},"end":{"line":457,"column":42}},"loc":{"start":{"line":457,"column":67},"end":{"line":510,"column":1}},"line":457},"14":{"name":"(anonymous_14)","decl":{"start":{"line":517,"column":48},"end":{"line":517,"column":49}},"loc":{"start":{"line":517,"column":74},"end":{"line":565,"column":1}},"line":517},"15":{"name":"(anonymous_15)","decl":{"start":{"line":568,"column":53},"end":{"line":568,"column":54}},"loc":{"start":{"line":568,"column":79},"end":{"line":603,"column":1}},"line":568},"16":{"name":"(anonymous_16)","decl":{"start":{"line":608,"column":8},"end":{"line":608,"column":9}},"loc":{"start":{"line":608,"column":22},"end":{"line":612,"column":1}},"line":608},"17":{"name":"(anonymous_17)","decl":{"start":{"line":615,"column":8},"end":{"line":615,"column":9}},"loc":{"start":{"line":615,"column":33},"end":{"line":627,"column":1}},"line":615},"18":{"name":"(anonymous_18)","decl":{"start":{"line":630,"column":19},"end":{"line":630,"column":20}},"loc":{"start":{"line":630,"column":25},"end":{"line":634,"column":3}},"line":630}},"branchMap":{"0":{"loc":{"start":{"line":16,"column":13},"end":{"line":16,"column":37}},"type":"binary-expr","locations":[{"start":{"line":16,"column":13},"end":{"line":16,"column":29}},{"start":{"line":16,"column":33},"end":{"line":16,"column":37}}],"line":16},"1":{"loc":{"start":{"line":33,"column":2},"end":{"line":43,"column":3}},"type":"if","locations":[{"start":{"line":33,"column":2},"end":{"line":43,"column":3}},{"start":{},"end":{}}],"line":33},"2":{"loc":{"start":{"line":34,"column":4},"end":{"line":35,"column":54}},"type":"binary-expr","locations":[{"start":{"line":34,"column":4},"end":{"line":34,"column":40}},{"start":{"line":35,"column":4},"end":{"line":35,"column":54}}],"line":34},"3":{"loc":{"start":{"line":55,"column":16},"end":{"line":55,"column":67}},"type":"binary-expr","locations":[{"start":{"line":55,"column":16},"end":{"line":55,"column":39}},{"start":{"line":55,"column":43},"end":{"line":55,"column":67}}],"line":55},"4":{"loc":{"start":{"line":57,"column":2},"end":{"line":60,"column":3}},"type":"if","locations":[{"start":{"line":57,"column":2},"end":{"line":60,"column":3}},{"start":{},"end":{}}],"line":57},"5":{"loc":{"start":{"line":64,"column":2},"end":{"line":71,"column":3}},"type":"if","locations":[{"start":{"line":64,"column":2},"end":{"line":71,"column":3}},{"start":{},"end":{}}],"line":64},"6":{"loc":{"start":{"line":82,"column":30},"end":{"line":82,"column":44}},"type":"binary-expr","locations":[{"start":{"line":82,"column":30},"end":{"line":82,"column":38}},{"start":{"line":82,"column":42},"end":{"line":82,"column":44}}],"line":82},"7":{"loc":{"start":{"line":84,"column":2},"end":{"line":91,"column":3}},"type":"if","locations":[{"start":{"line":84,"column":2},"end":{"line":91,"column":3}},{"start":{},"end":{}}],"line":84},"8":{"loc":{"start":{"line":84,"column":6},"end":{"line":84,"column":25}},"type":"binary-expr","locations":[{"start":{"line":84,"column":6},"end":{"line":84,"column":12}},{"start":{"line":84,"column":16},"end":{"line":84,"column":25}}],"line":84},"9":{"loc":{"start":{"line":105,"column":4},"end":{"line":109,"column":5}},"type":"if","locations":[{"start":{"line":105,"column":4},"end":{"line":109,"column":5}},{"start":{},"end":{}}],"line":105},"10":{"loc":{"start":{"line":116,"column":30},"end":{"line":116,"column":44}},"type":"binary-expr","locations":[{"start":{"line":116,"column":30},"end":{"line":116,"column":38}},{"start":{"line":116,"column":42},"end":{"line":116,"column":44}}],"line":116},"11":{"loc":{"start":{"line":118,"column":2},"end":{"line":125,"column":3}},"type":"if","locations":[{"start":{"line":118,"column":2},"end":{"line":125,"column":3}},{"start":{},"end":{}}],"line":118},"12":{"loc":{"start":{"line":118,"column":6},"end":{"line":118,"column":25}},"type":"binary-expr","locations":[{"start":{"line":118,"column":6},"end":{"line":118,"column":12}},{"start":{"line":118,"column":16},"end":{"line":118,"column":25}}],"line":118},"13":{"loc":{"start":{"line":132,"column":4},"end":{"line":139,"column":5}},"type":"if","locations":[{"start":{"line":132,"column":4},"end":{"line":139,"column":5}},{"start":{},"end":{}}],"line":132},"14":{"loc":{"start":{"line":144,"column":4},"end":{"line":151,"column":5}},"type":"if","locations":[{"start":{"line":144,"column":4},"end":{"line":151,"column":5}},{"start":{},"end":{}}],"line":144},"15":{"loc":{"start":{"line":170,"column":41},"end":{"line":170,"column":55}},"type":"binary-expr","locations":[{"start":{"line":170,"column":41},"end":{"line":170,"column":49}},{"start":{"line":170,"column":53},"end":{"line":170,"column":55}}],"line":170},"16":{"loc":{"start":{"line":172,"column":4},"end":{"line":179,"column":5}},"type":"if","locations":[{"start":{"line":172,"column":4},"end":{"line":179,"column":5}},{"start":{},"end":{}}],"line":172},"17":{"loc":{"start":{"line":172,"column":8},"end":{"line":172,"column":36}},"type":"binary-expr","locations":[{"start":{"line":172,"column":8},"end":{"line":172,"column":20}},{"start":{"line":172,"column":24},"end":{"line":172,"column":36}}],"line":172},"18":{"loc":{"start":{"line":186,"column":6},"end":{"line":190,"column":7}},"type":"if","locations":[{"start":{"line":186,"column":6},"end":{"line":190,"column":7}},{"start":{},"end":{}}],"line":186},"19":{"loc":{"start":{"line":198,"column":6},"end":{"line":205,"column":7}},"type":"if","locations":[{"start":{"line":198,"column":6},"end":{"line":205,"column":7}},{"start":{},"end":{}}],"line":198},"20":{"loc":{"start":{"line":237,"column":4},"end":{"line":241,"column":5}},"type":"if","locations":[{"start":{"line":237,"column":4},"end":{"line":241,"column":5}},{"start":{},"end":{}}],"line":237},"21":{"loc":{"start":{"line":265,"column":33},"end":{"line":265,"column":47}},"type":"binary-expr","locations":[{"start":{"line":265,"column":33},"end":{"line":265,"column":41}},{"start":{"line":265,"column":45},"end":{"line":265,"column":47}}],"line":265},"22":{"loc":{"start":{"line":267,"column":2},"end":{"line":271,"column":3}},"type":"if","locations":[{"start":{"line":267,"column":2},"end":{"line":271,"column":3}},{"start":{},"end":{}}],"line":267},"23":{"loc":{"start":{"line":274,"column":2},"end":{"line":281,"column":3}},"type":"if","locations":[{"start":{"line":274,"column":2},"end":{"line":281,"column":3}},{"start":{},"end":{}}],"line":274},"24":{"loc":{"start":{"line":274,"column":6},"end":{"line":274,"column":51}},"type":"binary-expr","locations":[{"start":{"line":274,"column":6},"end":{"line":274,"column":30}},{"start":{"line":274,"column":34},"end":{"line":274,"column":51}}],"line":274},"25":{"loc":{"start":{"line":286,"column":13},"end":{"line":286,"column":26}},"type":"binary-expr","locations":[{"start":{"line":286,"column":13},"end":{"line":286,"column":18}},{"start":{"line":286,"column":22},"end":{"line":286,"column":26}}],"line":286},"26":{"loc":{"start":{"line":286,"column":28},"end":{"line":286,"column":41}},"type":"binary-expr","locations":[{"start":{"line":286,"column":28},"end":{"line":286,"column":33}},{"start":{"line":286,"column":37},"end":{"line":286,"column":41}}],"line":286},"27":{"loc":{"start":{"line":292,"column":15},"end":{"line":292,"column":28}},"type":"binary-expr","locations":[{"start":{"line":292,"column":15},"end":{"line":292,"column":20}},{"start":{"line":292,"column":24},"end":{"line":292,"column":28}}],"line":292},"28":{"loc":{"start":{"line":293,"column":15},"end":{"line":293,"column":28}},"type":"binary-expr","locations":[{"start":{"line":293,"column":15},"end":{"line":293,"column":20}},{"start":{"line":293,"column":24},"end":{"line":293,"column":28}}],"line":293},"29":{"loc":{"start":{"line":297,"column":4},"end":{"line":304,"column":5}},"type":"if","locations":[{"start":{"line":297,"column":4},"end":{"line":304,"column":5}},{"start":{},"end":{}}],"line":297},"30":{"loc":{"start":{"line":312,"column":33},"end":{"line":312,"column":47}},"type":"binary-expr","locations":[{"start":{"line":312,"column":33},"end":{"line":312,"column":41}},{"start":{"line":312,"column":45},"end":{"line":312,"column":47}}],"line":312},"31":{"loc":{"start":{"line":314,"column":2},"end":{"line":318,"column":3}},"type":"if","locations":[{"start":{"line":314,"column":2},"end":{"line":318,"column":3}},{"start":{},"end":{}}],"line":314},"32":{"loc":{"start":{"line":319,"column":2},"end":{"line":326,"column":3}},"type":"if","locations":[{"start":{"line":319,"column":2},"end":{"line":326,"column":3}},{"start":{},"end":{}}],"line":319},"33":{"loc":{"start":{"line":319,"column":6},"end":{"line":319,"column":51}},"type":"binary-expr","locations":[{"start":{"line":319,"column":6},"end":{"line":319,"column":30}},{"start":{"line":319,"column":34},"end":{"line":319,"column":51}}],"line":319},"34":{"loc":{"start":{"line":333,"column":4},"end":{"line":337,"column":5}},"type":"if","locations":[{"start":{"line":333,"column":4},"end":{"line":337,"column":5}},{"start":{},"end":{}}],"line":333},"35":{"loc":{"start":{"line":341,"column":4},"end":{"line":348,"column":5}},"type":"if","locations":[{"start":{"line":341,"column":4},"end":{"line":348,"column":5}},{"start":{},"end":{}}],"line":341},"36":{"loc":{"start":{"line":341,"column":8},"end":{"line":341,"column":28}},"type":"binary-expr","locations":[{"start":{"line":341,"column":8},"end":{"line":341,"column":16}},{"start":{"line":341,"column":20},"end":{"line":341,"column":28}}],"line":341},"37":{"loc":{"start":{"line":352,"column":13},"end":{"line":352,"column":26}},"type":"binary-expr","locations":[{"start":{"line":352,"column":13},"end":{"line":352,"column":18}},{"start":{"line":352,"column":22},"end":{"line":352,"column":26}}],"line":352},"38":{"loc":{"start":{"line":352,"column":28},"end":{"line":352,"column":41}},"type":"binary-expr","locations":[{"start":{"line":352,"column":28},"end":{"line":352,"column":33}},{"start":{"line":352,"column":37},"end":{"line":352,"column":41}}],"line":352},"39":{"loc":{"start":{"line":358,"column":15},"end":{"line":358,"column":28}},"type":"binary-expr","locations":[{"start":{"line":358,"column":15},"end":{"line":358,"column":20}},{"start":{"line":358,"column":24},"end":{"line":358,"column":28}}],"line":358},"40":{"loc":{"start":{"line":359,"column":15},"end":{"line":359,"column":28}},"type":"binary-expr","locations":[{"start":{"line":359,"column":15},"end":{"line":359,"column":20}},{"start":{"line":359,"column":24},"end":{"line":359,"column":28}}],"line":359},"41":{"loc":{"start":{"line":363,"column":4},"end":{"line":370,"column":5}},"type":"if","locations":[{"start":{"line":363,"column":4},"end":{"line":370,"column":5}},{"start":{},"end":{}}],"line":363},"42":{"loc":{"start":{"line":377,"column":33},"end":{"line":377,"column":47}},"type":"binary-expr","locations":[{"start":{"line":377,"column":33},"end":{"line":377,"column":41}},{"start":{"line":377,"column":45},"end":{"line":377,"column":47}}],"line":377},"43":{"loc":{"start":{"line":379,"column":2},"end":{"line":396,"column":3}},"type":"if","locations":[{"start":{"line":379,"column":2},"end":{"line":396,"column":3}},{"start":{},"end":{}}],"line":379},"44":{"loc":{"start":{"line":380,"column":4},"end":{"line":387,"column":5}},"type":"if","locations":[{"start":{"line":380,"column":4},"end":{"line":387,"column":5}},{"start":{},"end":{}}],"line":380},"45":{"loc":{"start":{"line":388,"column":4},"end":{"line":395,"column":5}},"type":"if","locations":[{"start":{"line":388,"column":4},"end":{"line":395,"column":5}},{"start":{},"end":{}}],"line":388},"46":{"loc":{"start":{"line":388,"column":8},"end":{"line":388,"column":53}},"type":"binary-expr","locations":[{"start":{"line":388,"column":8},"end":{"line":388,"column":32}},{"start":{"line":388,"column":36},"end":{"line":388,"column":53}}],"line":388},"47":{"loc":{"start":{"line":403,"column":4},"end":{"line":407,"column":5}},"type":"if","locations":[{"start":{"line":403,"column":4},"end":{"line":407,"column":5}},{"start":{},"end":{}}],"line":403},"48":{"loc":{"start":{"line":411,"column":12},"end":{"line":411,"column":52}},"type":"cond-expr","locations":[{"start":{"line":411,"column":33},"end":{"line":411,"column":37}},{"start":{"line":411,"column":40},"end":{"line":411,"column":52}}],"line":411},"49":{"loc":{"start":{"line":412,"column":13},"end":{"line":412,"column":56}},"type":"cond-expr","locations":[{"start":{"line":412,"column":35},"end":{"line":412,"column":40}},{"start":{"line":412,"column":43},"end":{"line":412,"column":56}}],"line":412},"50":{"loc":{"start":{"line":413,"column":13},"end":{"line":413,"column":56}},"type":"cond-expr","locations":[{"start":{"line":413,"column":35},"end":{"line":413,"column":40}},{"start":{"line":413,"column":43},"end":{"line":413,"column":56}}],"line":413},"51":{"loc":{"start":{"line":422,"column":4},"end":{"line":429,"column":5}},"type":"if","locations":[{"start":{"line":422,"column":4},"end":{"line":429,"column":5}},{"start":{},"end":{}}],"line":422},"52":{"loc":{"start":{"line":444,"column":6},"end":{"line":448,"column":7}},"type":"if","locations":[{"start":{"line":444,"column":6},"end":{"line":448,"column":7}},{"start":{},"end":{}}],"line":444},"53":{"loc":{"start":{"line":459,"column":23},"end":{"line":459,"column":37}},"type":"binary-expr","locations":[{"start":{"line":459,"column":23},"end":{"line":459,"column":31}},{"start":{"line":459,"column":35},"end":{"line":459,"column":37}}],"line":459},"54":{"loc":{"start":{"line":470,"column":4},"end":{"line":475,"column":5}},"type":"if","locations":[{"start":{"line":470,"column":4},"end":{"line":475,"column":5}},{"start":{},"end":{}}],"line":470},"55":{"loc":{"start":{"line":477,"column":4},"end":{"line":482,"column":5}},"type":"if","locations":[{"start":{"line":477,"column":4},"end":{"line":482,"column":5}},{"start":{},"end":{}}],"line":477},"56":{"loc":{"start":{"line":498,"column":4},"end":{"line":505,"column":5}},"type":"if","locations":[{"start":{"line":498,"column":4},"end":{"line":505,"column":5}},{"start":{},"end":{}}],"line":498},"57":{"loc":{"start":{"line":519,"column":23},"end":{"line":519,"column":37}},"type":"binary-expr","locations":[{"start":{"line":519,"column":23},"end":{"line":519,"column":31}},{"start":{"line":519,"column":35},"end":{"line":519,"column":37}}],"line":519},"58":{"loc":{"start":{"line":527,"column":4},"end":{"line":531,"column":5}},"type":"if","locations":[{"start":{"line":527,"column":4},"end":{"line":531,"column":5}},{"start":{},"end":{}}],"line":527},"59":{"loc":{"start":{"line":533,"column":4},"end":{"line":537,"column":5}},"type":"if","locations":[{"start":{"line":533,"column":4},"end":{"line":537,"column":5}},{"start":{},"end":{}}],"line":533},"60":{"loc":{"start":{"line":555,"column":4},"end":{"line":562,"column":5}},"type":"if","locations":[{"start":{"line":555,"column":4},"end":{"line":562,"column":5}},{"start":{},"end":{}}],"line":555},"61":{"loc":{"start":{"line":580,"column":4},"end":{"line":588,"column":5}},"type":"if","locations":[{"start":{"line":580,"column":4},"end":{"line":588,"column":5}},{"start":{},"end":{}}],"line":580},"62":{"loc":{"start":{"line":617,"column":21},"end":{"line":617,"column":56}},"type":"binary-expr","locations":[{"start":{"line":617,"column":21},"end":{"line":617,"column":31}},{"start":{"line":617,"column":35},"end":{"line":617,"column":49}},{"start":{"line":617,"column":53},"end":{"line":617,"column":56}}],"line":617},"63":{"loc":{"start":{"line":620,"column":12},"end":{"line":620,"column":78}},"type":"cond-expr","locations":[{"start":{"line":620,"column":33},"end":{"line":620,"column":56}},{"start":{"line":620,"column":59},"end":{"line":620,"column":78}}],"line":620},"64":{"loc":{"start":{"line":620,"column":59},"end":{"line":620,"column":78}},"type":"binary-expr","locations":[{"start":{"line":620,"column":59},"end":{"line":620,"column":67}},{"start":{"line":620,"column":71},"end":{"line":620,"column":78}}],"line":620},"65":{"loc":{"start":{"line":622,"column":8},"end":{"line":624,"column":23}},"type":"cond-expr","locations":[{"start":{"line":623,"column":12},"end":{"line":623,"column":49}},{"start":{"line":624,"column":12},"end":{"line":624,"column":23}}],"line":622},"66":{"loc":{"start":{"line":629,"column":0},"end":{"line":635,"column":1}},"type":"if","locations":[{"start":{"line":629,"column":0},"end":{"line":635,"column":1}},{"start":{},"end":{}}],"line":629}},"s":{"0":3,"1":3,"2":3,"3":3,"4":3,"5":3,"6":3,"7":3,"8":3,"9":3,"10":3,"11":3,"12":3,"13":3,"14":30,"15":30,"16":0,"17":30,"18":3,"19":3,"20":4,"21":4,"22":4,"23":4,"24":4,"25":4,"26":0,"27":0,"28":4,"29":4,"30":4,"31":0,"32":4,"33":3,"34":3,"35":3,"36":3,"37":1,"38":2,"39":2,"40":2,"41":1,"42":1,"43":1,"44":0,"45":3,"46":3,"47":3,"48":1,"49":2,"50":2,"51":2,"52":1,"53":1,"54":1,"55":1,"56":0,"57":1,"58":1,"59":0,"60":3,"61":0,"62":3,"63":0,"64":0,"65":0,"66":0,"67":0,"68":0,"69":0,"70":0,"71":0,"72":0,"73":0,"74":0,"75":0,"76":0,"77":0,"78":3,"79":1,"80":1,"81":1,"82":0,"83":3,"84":2,"85":2,"86":2,"87":1,"88":1,"89":0,"90":3,"91":0,"92":0,"93":0,"94":0,"95":3,"96":4,"97":4,"98":1,"99":3,"100":1,"101":2,"102":2,"103":1,"104":1,"105":1,"106":0,"107":3,"108":3,"109":3,"110":0,"111":3,"112":0,"113":3,"114":3,"115":3,"116":1,"117":2,"118":2,"119":2,"120":1,"121":1,"122":1,"123":0,"124":0,"125":0,"126":3,"127":3,"128":3,"129":3,"130":1,"131":2,"132":0,"133":2,"134":2,"135":2,"136":1,"137":1,"138":1,"139":1,"140":1,"141":0,"142":0,"143":0,"144":3,"145":2,"146":2,"147":2,"148":1,"149":1,"150":0,"151":3,"152":4,"153":4,"154":4,"155":4,"156":4,"157":4,"158":4,"159":1,"160":1,"161":3,"162":1,"163":1,"164":2,"165":1,"166":1,"167":1,"168":1,"169":1,"170":1,"171":0,"172":4,"173":3,"174":0,"175":0,"176":0,"177":0,"178":0,"179":0,"180":0,"181":0,"182":0,"183":0,"184":0,"185":0,"186":0,"187":0,"188":3,"189":2,"190":2,"191":2,"192":2,"193":2,"194":2,"195":1,"196":1,"197":1,"198":1,"199":1,"200":0,"201":0,"202":2,"203":3,"204":3,"205":0,"206":3,"207":0,"208":0,"209":0,"210":3,"211":0,"212":0,"213":3},"f":{"0":30,"1":4,"2":3,"3":3,"4":0,"5":0,"6":1,"7":2,"8":0,"9":4,"10":3,"11":3,"12":2,"13":4,"14":0,"15":2,"16":0,"17":0,"18":0},"b":{"0":[3,0],"1":[0,30],"2":[30,21],"3":[4,1],"4":[0,4],"5":[0,4],"6":[3,0],"7":[1,2],"8":[3,3],"9":[1,0],"10":[3,0],"11":[1,2],"12":[3,3],"13":[1,1],"14":[0,1],"15":[0,0],"16":[0,0],"17":[0,0],"18":[0,0],"19":[0,0],"20":[1,1],"21":[4,0],"22":[1,3],"23":[1,2],"24":[3,3],"25":[2,1],"26":[2,0],"27":[1,0],"28":[1,0],"29":[1,0],"30":[3,0],"31":[0,3],"32":[0,3],"33":[3,3],"34":[1,2],"35":[1,1],"36":[2,1],"37":[1,0],"38":[1,0],"39":[1,0],"40":[1,0],"41":[0,0],"42":[3,0],"43":[3,0],"44":[1,2],"45":[0,2],"46":[2,2],"47":[1,1],"48":[1,0],"49":[0,1],"50":[0,1],"51":[0,0],"52":[1,1],"53":[4,0],"54":[1,3],"55":[1,2],"56":[1,0],"57":[0,0],"58":[0,0],"59":[0,0],"60":[0,0],"61":[1,1],"62":[0,0,0],"63":[0,0],"64":[0,0],"65":[0,0],"66":[0,3]},"_coverageSchema":"1a1c01bbd47fc00a2c39e90264f33305004495a9","hash":"124a46e84b2ca6987d7c7d1f03010f4db67e137e"}
,"C:\\Users\\ZUNFORDZ\\lab1-week1\\auth-helpers.js": {"path":"C:\\Users\\ZUNFORDZ\\lab1-week1\\auth-helpers.js","statementMap":{"0":{"start":{"line":1,"column":15},"end":{"line":1,"column":32}},"1":{"start":{"line":2,"column":12},"end":{"line":2,"column":35}},"2":{"start":{"line":4,"column":20},"end":{"line":4,"column":22}},"3":{"start":{"line":7,"column":2},"end":{"line":7,"column":55}},"4":{"start":{"line":11,"column":2},"end":{"line":11,"column":61}},"5":{"start":{"line":15,"column":2},"end":{"line":19,"column":4}},"6":{"start":{"line":22,"column":0},"end":{"line":22,"column":65}}},"fnMap":{"0":{"name":"hashPassword","decl":{"start":{"line":6,"column":15},"end":{"line":6,"column":27}},"loc":{"start":{"line":6,"column":43},"end":{"line":8,"column":1}},"line":6},"1":{"name":"verifyPassword","decl":{"start":{"line":10,"column":15},"end":{"line":10,"column":29}},"loc":{"start":{"line":10,"column":61},"end":{"line":12,"column":1}},"line":10},"2":{"name":"generateToken","decl":{"start":{"line":14,"column":9},"end":{"line":14,"column":22}},"loc":{"start":{"line":14,"column":29},"end":{"line":20,"column":1}},"line":14}},"branchMap":{},"s":{"0":4,"1":4,"2":4,"3":6,"4":3,"5":2,"6":4},"f":{"0":6,"1":3,"2":2},"b":{},"_coverageSchema":"1a1c01bbd47fc00a2c39e90264f33305004495a9","hash":"5becfcdc5a9804a4a46850036ba692b70a0a511e"}
,"C:\\Users\\ZUNFORDZ\\lab1-week1\\middlewares\\auth.js": {"path":"C:\\Users\\ZUNFORDZ\\lab1-week1\\middlewares\\auth.js","statementMap":{"0":{"start":{"line":1,"column":12},"end":{"line":1,"column":35}},"1":{"start":{"line":4,"column":21},"end":{"line":4,"column":49}},"2":{"start":{"line":5,"column":16},"end":{"line":5,"column":54}},"3":{"start":{"line":7,"column":2},"end":{"line":11,"column":3}},"4":{"start":{"line":8,"column":4},"end":{"line":10,"column":7}},"5":{"start":{"line":13,"column":2},"end":{"line":20,"column":3}},"6":{"start":{"line":14,"column":4},"end":{"line":14,"column":57}},"7":{"start":{"line":15,"column":4},"end":{"line":15,"column":11}},"8":{"start":{"line":17,"column":4},"end":{"line":19,"column":7}},"9":{"start":{"line":24,"column":2},"end":{"line":40,"column":4}},"10":{"start":{"line":25,"column":4},"end":{"line":29,"column":5}},"11":{"start":{"line":26,"column":6},"end":{"line":28,"column":9}},"12":{"start":{"line":31,"column":4},"end":{"line":38,"column":5}},"13":{"start":{"line":32,"column":6},"end":{"line":37,"column":9}},"14":{"start":{"line":39,"column":4},"end":{"line":39,"column":11}},"15":{"start":{"line":43,"column":0},"end":{"line":43,"column":54}}},"fnMap":{"0":{"name":"authenticateToken","decl":{"start":{"line":3,"column":9},"end":{"line":3,"column":26}},"loc":{"start":{"line":3,"column":43},"end":{"line":21,"column":1}},"line":3},"1":{"name":"authorizeRole","decl":{"start":{"line":23,"column":9},"end":{"line":23,"column":22}},"loc":{"start":{"line":23,"column":40},"end":{"line":41,"column":1}},"line":23},"2":{"name":"(anonymous_2)","decl":{"start":{"line":24,"column":9},"end":{"line":24,"column":10}},"loc":{"start":{"line":24,"column":29},"end":{"line":40,"column":3}},"line":24}},"branchMap":{"0":{"loc":{"start":{"line":5,"column":16},"end":{"line":5,"column":54}},"type":"binary-expr","locations":[{"start":{"line":5,"column":16},"end":{"line":5,"column":26}},{"start":{"line":5,"column":30},"end":{"line":5,"column":54}}],"line":5},"1":{"loc":{"start":{"line":7,"column":2},"end":{"line":11,"column":3}},"type":"if","locations":[{"start":{"line":7,"column":2},"end":{"line":11,"column":3}},{"start":{},"end":{}}],"line":7},"2":{"loc":{"start":{"line":25,"column":4},"end":{"line":29,"column":5}},"type":"if","locations":[{"start":{"line":25,"column":4},"end":{"line":29,"column":5}},{"start":{},"end":{}}],"line":25},"3":{"loc":{"start":{"line":31,"column":4},"end":{"line":38,"column":5}},"type":"if","locations":[{"start":{"line":31,"column":4},"end":{"line":38,"column":5}},{"start":{},"end":{}}],"line":31}},"s":{"0":3,"1":8,"2":8,"3":8,"4":2,"5":6,"6":6,"7":6,"8":0,"9":3,"10":3,"11":0,"12":3,"13":1,"14":2,"15":3},"f":{"0":8,"1":3,"2":3},"b":{"0":[8,6],"1":[2,6],"2":[0,3],"3":[1,2]},"_coverageSchema":"1a1c01bbd47fc00a2c39e90264f33305004495a9","hash":"9619b204c9522624f56badad0ee1fdf7056ac46d"}
}
