TN:
SF:app.js
FN:31,requireJson
FN:50,simpleRateLimit
FN:81,(anonymous_2)
FN:115,(anonymous_3)
FN:161,(anonymous_4)
FN:169,(anonymous_5)
FN:221,(anonymous_6)
FN:231,(anonymous_7)
FN:249,(anonymous_8)
FN:264,(anonymous_9)
FN:311,(anonymous_10)
FN:376,(anonymous_11)
FN:439,(anonymous_12)
FN:457,(anonymous_13)
FN:517,(anonymous_14)
FN:568,(anonymous_15)
FN:608,(anonymous_16)
FN:615,(anonymous_17)
FN:630,(anonymous_18)
FNF:19
FNH:12
FNDA:30,requireJson
FNDA:4,simpleRateLimit
FNDA:3,(anonymous_2)
FNDA:3,(anonymous_3)
FNDA:0,(anonymous_4)
FNDA:0,(anonymous_5)
FNDA:1,(anonymous_6)
FNDA:2,(anonymous_7)
FNDA:0,(anonymous_8)
FNDA:4,(anonymous_9)
FNDA:3,(anonymous_10)
FNDA:3,(anonymous_11)
FNDA:2,(anonymous_12)
FNDA:4,(anonymous_13)
FNDA:0,(anonymous_14)
FNDA:2,(anonymous_15)
FNDA:0,(anonymous_16)
FNDA:0,(anonymous_17)
FNDA:0,(anonymous_18)
DA:1,3
DA:3,3
DA:4,3
DA:5,3
DA:6,3
DA:7,3
DA:12,3
DA:13,3
DA:15,3
DA:16,3
DA:20,3
DA:21,3
DA:27,3
DA:28,3
DA:32,30
DA:33,30
DA:37,0
DA:44,30
DA:46,3
DA:49,3
DA:51,4
DA:52,4
DA:53,4
DA:54,4
DA:55,4
DA:57,4
DA:58,0
DA:59,0
DA:61,4
DA:62,4
DA:64,4
DA:65,0
DA:72,4
DA:76,3
DA:81,3
DA:82,3
DA:84,3
DA:85,1
DA:93,2
DA:94,2
DA:95,2
DA:100,1
DA:105,1
DA:106,1
DA:110,0
DA:115,3
DA:116,3
DA:118,3
DA:119,1
DA:127,2
DA:128,2
DA:132,2
DA:133,1
DA:141,1
DA:142,1
DA:144,1
DA:145,0
DA:153,1
DA:154,1
DA:156,0
DA:161,3
DA:162,0
DA:166,3
DA:170,0
DA:172,0
DA:173,0
DA:181,0
DA:182,0
DA:186,0
DA:187,0
DA:192,0
DA:193,0
DA:198,0
DA:199,0
DA:207,0
DA:208,0
DA:213,0
DA:215,0
DA:221,3
DA:222,1
DA:223,1
DA:224,1
DA:226,0
DA:231,3
DA:232,2
DA:233,2
DA:237,2
DA:238,1
DA:242,1
DA:244,0
DA:249,3
DA:250,0
DA:251,0
DA:257,0
DA:259,0
DA:264,3
DA:265,4
DA:267,4
DA:268,1
DA:274,3
DA:275,1
DA:283,2
DA:284,2
DA:288,1
DA:297,1
DA:298,1
DA:305,0
DA:311,3
DA:312,3
DA:314,3
DA:315,0
DA:319,3
DA:320,0
DA:328,3
DA:329,3
DA:333,3
DA:334,1
DA:339,2
DA:340,2
DA:341,2
DA:342,1
DA:350,1
DA:354,1
DA:363,0
DA:364,0
DA:371,0
DA:376,3
DA:377,3
DA:379,3
DA:380,3
DA:381,1
DA:388,2
DA:389,0
DA:398,2
DA:399,2
DA:403,2
DA:404,1
DA:408,1
DA:410,1
DA:416,1
DA:420,1
DA:422,0
DA:423,0
DA:430,0
DA:435,3
DA:440,2
DA:441,2
DA:444,2
DA:445,1
DA:449,1
DA:451,0
DA:457,3
DA:458,4
DA:459,4
DA:460,4
DA:462,4
DA:463,4
DA:465,4
DA:470,4
DA:471,1
DA:472,1
DA:477,3
DA:478,1
DA:479,1
DA:484,2
DA:489,1
DA:494,1
DA:495,1
DA:497,1
DA:498,1
DA:499,1
DA:506,0
DA:508,4
DA:517,3
DA:518,0
DA:519,0
DA:521,0
DA:522,0
DA:527,0
DA:528,0
DA:533,0
DA:534,0
DA:541,0
DA:546,0
DA:551,0
DA:555,0
DA:556,0
DA:563,0
DA:568,3
DA:569,2
DA:570,2
DA:572,2
DA:573,2
DA:575,2
DA:580,2
DA:581,1
DA:582,1
DA:590,1
DA:595,1
DA:596,1
DA:598,0
DA:599,0
DA:601,2
DA:605,3
DA:608,3
DA:609,0
DA:615,3
DA:616,0
DA:617,0
DA:618,0
DA:629,3
DA:630,0
DA:631,0
DA:637,3
LF:214
LH:151
BRDA:16,0,0,3
BRDA:16,0,1,0
BRDA:33,1,0,0
BRDA:33,1,1,30
BRDA:34,2,0,30
BRDA:34,2,1,21
BRDA:55,3,0,4
BRDA:55,3,1,1
BRDA:57,4,0,0
BRDA:57,4,1,4
BRDA:64,5,0,0
BRDA:64,5,1,4
BRDA:82,6,0,3
BRDA:82,6,1,0
BRDA:84,7,0,1
BRDA:84,7,1,2
BRDA:84,8,0,3
BRDA:84,8,1,3
BRDA:105,9,0,1
BRDA:105,9,1,0
BRDA:116,10,0,3
BRDA:116,10,1,0
BRDA:118,11,0,1
BRDA:118,11,1,2
BRDA:118,12,0,3
BRDA:118,12,1,3
BRDA:132,13,0,1
BRDA:132,13,1,1
BRDA:144,14,0,0
BRDA:144,14,1,1
BRDA:170,15,0,0
BRDA:170,15,1,0
BRDA:172,16,0,0
BRDA:172,16,1,0
BRDA:172,17,0,0
BRDA:172,17,1,0
BRDA:186,18,0,0
BRDA:186,18,1,0
BRDA:198,19,0,0
BRDA:198,19,1,0
BRDA:237,20,0,1
BRDA:237,20,1,1
BRDA:265,21,0,4
BRDA:265,21,1,0
BRDA:267,22,0,1
BRDA:267,22,1,3
BRDA:274,23,0,1
BRDA:274,23,1,2
BRDA:274,24,0,3
BRDA:274,24,1,3
BRDA:286,25,0,2
BRDA:286,25,1,1
BRDA:286,26,0,2
BRDA:286,26,1,0
BRDA:292,27,0,1
BRDA:292,27,1,0
BRDA:293,28,0,1
BRDA:293,28,1,0
BRDA:297,29,0,1
BRDA:297,29,1,0
BRDA:312,30,0,3
BRDA:312,30,1,0
BRDA:314,31,0,0
BRDA:314,31,1,3
BRDA:319,32,0,0
BRDA:319,32,1,3
BRDA:319,33,0,3
BRDA:319,33,1,3
BRDA:333,34,0,1
BRDA:333,34,1,2
BRDA:341,35,0,1
BRDA:341,35,1,1
BRDA:341,36,0,2
BRDA:341,36,1,1
BRDA:352,37,0,1
BRDA:352,37,1,0
BRDA:352,38,0,1
BRDA:352,38,1,0
BRDA:358,39,0,1
BRDA:358,39,1,0
BRDA:359,40,0,1
BRDA:359,40,1,0
BRDA:363,41,0,0
BRDA:363,41,1,0
BRDA:377,42,0,3
BRDA:377,42,1,0
BRDA:379,43,0,3
BRDA:379,43,1,0
BRDA:380,44,0,1
BRDA:380,44,1,2
BRDA:388,45,0,0
BRDA:388,45,1,2
BRDA:388,46,0,2
BRDA:388,46,1,2
BRDA:403,47,0,1
BRDA:403,47,1,1
BRDA:411,48,0,1
BRDA:411,48,1,0
BRDA:412,49,0,0
BRDA:412,49,1,1
BRDA:413,50,0,0
BRDA:413,50,1,1
BRDA:422,51,0,0
BRDA:422,51,1,0
BRDA:444,52,0,1
BRDA:444,52,1,1
BRDA:459,53,0,4
BRDA:459,53,1,0
BRDA:470,54,0,1
BRDA:470,54,1,3
BRDA:477,55,0,1
BRDA:477,55,1,2
BRDA:498,56,0,1
BRDA:498,56,1,0
BRDA:519,57,0,0
BRDA:519,57,1,0
BRDA:527,58,0,0
BRDA:527,58,1,0
BRDA:533,59,0,0
BRDA:533,59,1,0
BRDA:555,60,0,0
BRDA:555,60,1,0
BRDA:580,61,0,1
BRDA:580,61,1,1
BRDA:617,62,0,0
BRDA:617,62,1,0
BRDA:617,62,2,0
BRDA:620,63,0,0
BRDA:620,63,1,0
BRDA:620,64,0,0
BRDA:620,64,1,0
BRDA:622,65,0,0
BRDA:622,65,1,0
BRDA:629,66,0,0
BRDA:629,66,1,3
BRF:135
BRH:75
end_of_record
TN:
SF:auth-helpers.js
FN:6,hashPassword
FN:10,verifyPassword
FN:14,generateToken
FNF:3
FNH:3
FNDA:6,hashPassword
FNDA:3,verifyPassword
FNDA:2,generateToken
DA:1,4
DA:2,4
DA:4,4
DA:7,6
DA:11,3
DA:15,2
DA:22,4
LF:7
LH:7
BRF:0
BRH:0
end_of_record
TN:
SF:middlewares\auth.js
FN:3,authenticateToken
FN:23,authorizeRole
FN:24,(anonymous_2)
FNF:3
FNH:3
FNDA:8,authenticateToken
FNDA:3,authorizeRole
FNDA:3,(anonymous_2)
DA:1,3
DA:4,8
DA:5,8
DA:7,8
DA:8,2
DA:13,6
DA:14,6
DA:15,6
DA:17,0
DA:24,3
DA:25,3
DA:26,0
DA:31,3
DA:32,1
DA:39,2
DA:43,3
LF:16
LH:14
BRDA:5,0,0,8
BRDA:5,0,1,6
BRDA:7,1,0,2
BRDA:7,1,1,6
BRDA:25,2,0,0
BRDA:25,2,1,3
BRDA:31,3,0,1
BRDA:31,3,1,2
BRF:8
BRH:7
end_of_record
